# JRE version: OpenJDK Runtime Environment (8.0_202-b03) (build 1.8.0_202-release-1483-b03)
# Java VM: OpenJDK 64-Bit Server VM (25.202-b03 mixed mode windows-amd64 compressed oops)
Heap:
 PSYoungGen      total 189952K, used 51733K [0x00000000e0000000, 0x00000000ece80000, 0x0000000100000000)
  eden space 168448K, 22% used [0x00000000e0000000,0x00000000e251a858,0x00000000ea480000)
  from space 21504K, 63% used [0x00000000eb980000,0x00000000ec6ead38,0x00000000ece80000)
  to   space 21504K, 0% used [0x00000000ea480000,0x00000000ea480000,0x00000000eb980000)
 ParOldGen       total 137728K, used 32821K [0x00000000a0000000, 0x00000000a8680000, 0x00000000e0000000)
  object space 137728K, 23% used [0x00000000a0000000,0x00000000a200d798,0x00000000a8680000)
 Metaspace       used 69993K, capacity 72366K, committed 72536K, reserved 1112064K
  class space    used 9318K, capacity 9854K, committed 9856K, reserved 1048576K
GC Heap History (10 events):
Event: 12.484 GC heap before
{Heap before GC invocations=13 (full 2):
 PSYoungGen      total 126464K, used 126091K [0x00000000e0000000, 0x00000000e9800000, 0x0000000100000000)
  eden space 116224K, 100% used [0x00000000e0000000,0x00000000e7180000,0x00000000e7180000)
  from space 10240K, 96% used [0x00000000e8e00000,0x00000000e97a2c68,0x00000000e9800000)
  to   space 11776K, 0% used [0x00000000e8100000,0x00000000e8100000,0x00000000e8c80000)
 ParOldGen       total 85504K, used 14669K [0x00000000a0000000, 0x00000000a5380000, 0x00000000e0000000)
  object space 85504K, 17% used [0x00000000a0000000,0x00000000a0e53448,0x00000000a5380000)
 Metaspace       used 50346K, capacity 51858K, committed 52056K, reserved 1093632K
  class space    used 6885K, capacity 7250K, committed 7296K, reserved 1048576K
Event: 12.496 GC heap after
Heap after GC invocations=13 (full 2):
 PSYoungGen      total 143872K, used 11744K [0x00000000e0000000, 0x00000000eac80000, 0x0000000100000000)
  eden space 132096K, 0% used [0x00000000e0000000,0x00000000e0000000,0x00000000e8100000)
  from space 11776K, 99% used [0x00000000e8100000,0x00000000e8c78088,0x00000000e8c80000)
  to   space 15360K, 0% used [0x00000000e9d80000,0x00000000e9d80000,0x00000000eac80000)
 ParOldGen       total 85504K, used 20205K [0x00000000a0000000, 0x00000000a5380000, 0x00000000e0000000)
  object space 85504K, 23% used [0x00000000a0000000,0x00000000a13bb658,0x00000000a5380000)
 Metaspace       used 50346K, capacity 51858K, committed 52056K, reserved 1093632K
  class space    used 6885K, capacity 7250K, committed 7296K, reserved 1048576K
}
Event: 15.758 GC heap before
{Heap before GC invocations=14 (full 2):
 PSYoungGen      total 143872K, used 143840K [0x00000000e0000000, 0x00000000eac80000, 0x0000000100000000)
  eden space 132096K, 100% used [0x00000000e0000000,0x00000000e8100000,0x00000000e8100000)
  from space 11776K, 99% used [0x00000000e8100000,0x00000000e8c78088,0x00000000e8c80000)
  to   space 15360K, 0% used [0x00000000e9d80000,0x00000000e9d80000,0x00000000eac80000)
 ParOldGen       total 85504K, used 20205K [0x00000000a0000000, 0x00000000a5380000, 0x00000000e0000000)
  object space 85504K, 23% used [0x00000000a0000000,0x00000000a13bb658,0x00000000a5380000)
 Metaspace       used 54908K, capacity 56494K, committed 56792K, reserved 1097728K
  class space    used 7438K, capacity 7844K, committed 7936K, reserved 1048576K
Event: 15.794 GC heap after
Heap after GC invocations=14 (full 2):
 PSYoungGen      total 155136K, used 15345K [0x00000000e0000000, 0x00000000ec980000, 0x0000000100000000)
  eden space 139776K, 0% used [0x00000000e0000000,0x00000000e0000000,0x00000000e8880000)
  from space 15360K, 99% used [0x00000000e9d80000,0x00000000eac7c608,0x00000000eac80000)
  to   space 21504K, 0% used [0x00000000e8880000,0x00000000e8880000,0x00000000e9d80000)
 ParOldGen       total 85504K, used 31684K [0x00000000a0000000, 0x00000000a5380000, 0x00000000e0000000)
  object space 85504K, 37% used [0x00000000a0000000,0x00000000a1ef1138,0x00000000a5380000)
 Metaspace       used 54908K, capacity 56494K, committed 56792K, reserved 1097728K
  class space    used 7438K, capacity 7844K, committed 7936K, reserved 1048576K
}
Event: 22.918 GC heap before
{Heap before GC invocations=15 (full 2):
 PSYoungGen      total 155136K, used 123871K [0x00000000e0000000, 0x00000000ec980000, 0x0000000100000000)
  eden space 139776K, 77% used [0x00000000e0000000,0x00000000e69fb7a0,0x00000000e8880000)
  from space 15360K, 99% used [0x00000000e9d80000,0x00000000eac7c608,0x00000000eac80000)
  to   space 21504K, 0% used [0x00000000e8880000,0x00000000e8880000,0x00000000e9d80000)
 ParOldGen       total 85504K, used 31684K [0x00000000a0000000, 0x00000000a5380000, 0x00000000e0000000)
  object space 85504K, 37% used [0x00000000a0000000,0x00000000a1ef1138,0x00000000a5380000)
 Metaspace       used 57196K, capacity 58860K, committed 59028K, reserved 1099776K
  class space    used 7678K, capacity 8075K, committed 8192K, reserved 1048576K
Event: 22.943 GC heap after
Heap after GC invocations=15 (full 2):
 PSYoungGen      total 161280K, used 4085K [0x00000000e0000000, 0x00000000ece80000, 0x0000000100000000)
  eden space 139776K, 0% used [0x00000000e0000000,0x00000000e0000000,0x00000000e8880000)
  from space 21504K, 19% used [0x00000000e8880000,0x00000000e8c7d7d0,0x00000000e9d80000)
  to   space 21504K, 0% used [0x00000000eb980000,0x00000000eb980000,0x00000000ece80000)
 ParOldGen       total 85504K, used 46069K [0x00000000a0000000, 0x00000000a5380000, 0x00000000e0000000)
  object space 85504K, 53% used [0x00000000a0000000,0x00000000a2cfd428,0x00000000a5380000)
 Metaspace       used 57196K, capacity 58860K, committed 59028K, reserved 1099776K
  class space    used 7678K, capacity 8075K, committed 8192K, reserved 1048576K
}
Event: 22.943 GC heap before
{Heap before GC invocations=16 (full 3):
 PSYoungGen      total 161280K, used 4085K [0x00000000e0000000, 0x00000000ece80000, 0x0000000100000000)
  eden space 139776K, 0% used [0x00000000e0000000,0x00000000e0000000,0x00000000e8880000)
  from space 21504K, 19% used [0x00000000e8880000,0x00000000e8c7d7d0,0x00000000e9d80000)
  to   space 21504K, 0% used [0x00000000eb980000,0x00000000eb980000,0x00000000ece80000)
 ParOldGen       total 85504K, used 46069K [0x00000000a0000000, 0x00000000a5380000, 0x00000000e0000000)
  object space 85504K, 53% used [0x00000000a0000000,0x00000000a2cfd428,0x00000000a5380000)
 Metaspace       used 57196K, capacity 58860K, committed 59028K, reserved 1099776K
  class space    used 7678K, capacity 8075K, committed 8192K, reserved 1048576K
Event: 23.162 GC heap after
Heap after GC invocations=16 (full 3):
 PSYoungGen      total 161280K, used 0K [0x00000000e0000000, 0x00000000ece80000, 0x0000000100000000)
  eden space 139776K, 0% used [0x00000000e0000000,0x00000000e0000000,0x00000000e8880000)
  from space 21504K, 0% used [0x00000000e8880000,0x00000000e8880000,0x00000000e9d80000)
  to   space 21504K, 0% used [0x00000000eb980000,0x00000000eb980000,0x00000000ece80000)
 ParOldGen       total 137728K, used 32813K [0x00000000a0000000, 0x00000000a8680000, 0x00000000e0000000)
  object space 137728K, 23% used [0x00000000a0000000,0x00000000a200b798,0x00000000a8680000)
 Metaspace       used 57196K, capacity 58860K, committed 59028K, reserved 1099776K
  class space    used 7678K, capacity 8075K, committed 8192K, reserved 1048576K
}
Event: 25.612 GC heap before
{Heap before GC invocations=17 (full 3):
 PSYoungGen      total 161280K, used 139776K [0x00000000e0000000, 0x00000000ece80000, 0x0000000100000000)
  eden space 139776K, 100% used [0x00000000e0000000,0x00000000e8880000,0x00000000e8880000)
  from space 21504K, 0% used [0x00000000e8880000,0x00000000e8880000,0x00000000e9d80000)
  to   space 21504K, 0% used [0x00000000eb980000,0x00000000eb980000,0x00000000ece80000)
 ParOldGen       total 137728K, used 32813K [0x00000000a0000000, 0x00000000a8680000, 0x00000000e0000000)
  object space 137728K, 23% used [0x00000000a0000000,0x00000000a200b798,0x00000000a8680000)
 Metaspace       used 66633K, capacity 68690K, committed 68952K, reserved 1110016K
  class space    used 8805K, capacity 9306K, committed 9344K, reserved 1048576K
Event: 25.631 GC heap after
Heap after GC invocations=17 (full 3):
 PSYoungGen      total 189952K, used 13739K [0x00000000e0000000, 0x00000000ece80000, 0x0000000100000000)
  eden space 168448K, 0% used [0x00000000e0000000,0x00000000e0000000,0x00000000ea480000)
  from space 21504K, 63% used [0x00000000eb980000,0x00000000ec6ead38,0x00000000ece80000)
  to   space 21504K, 0% used [0x00000000ea480000,0x00000000ea480000,0x00000000eb980000)
 ParOldGen       total 137728K, used 32821K [0x00000000a0000000, 0x00000000a8680000, 0x00000000e0000000)
  object space 137728K, 23% used [0x00000000a0000000,0x00000000a200d798,0x00000000a8680000)
 Metaspace       used 66633K, capacity 68690K, committed 68952K, reserved 1110016K
  class space    used 8805K, capacity 9306K, committed 9344K, reserved 1048576K
}

