# JRE version: OpenJDK Runtime Environment (8.0_202-b03) (build 1.8.0_202-release-1483-b03)
# Java VM: OpenJDK 64-Bit Server VM (25.202-b03 mixed mode windows-amd64 compressed oops)
Heap:
 PSYoungGen      total 205312K, used 28611K [0x00000000e0000000, 0x00000000edf80000, 0x0000000100000000)
  eden space 181760K, 2% used [0x00000000e0000000,0x00000000e04f1df8,0x00000000eb180000)
  from space 23552K, 99% used [0x00000000eb180000,0x00000000ec87ee80,0x00000000ec880000)
  to   space 19968K, 0% used [0x00000000eca00000,0x00000000eca00000,0x00000000edd80000)
 ParOldGen       total 131072K, used 45863K [0x00000000a0000000, 0x00000000a8000000, 0x00000000e0000000)
  object space 131072K, 34% used [0x00000000a0000000,0x00000000a2cc9db8,0x00000000a8000000)
 Metaspace       used 71452K, capacity 74098K, committed 74200K, reserved 1114112K
  class space    used 9318K, capacity 9881K, committed 9944K, reserved 1048576K
GC Heap History (10 events):
Event: 43.031 GC heap before
{Heap before GC invocations=14 (full 2):
 PSYoungGen      total 162304K, used 86482K [0x00000000e0000000, 0x00000000ec000000, 0x0000000100000000)
  eden space 148992K, 49% used [0x00000000e0000000,0x00000000e477c878,0x00000000e9180000)
  from space 13312K, 99% used [0x00000000e9180000,0x00000000e9e78088,0x00000000e9e80000)
  to   space 17408K, 0% used [0x00000000eaf00000,0x00000000eaf00000,0x00000000ec000000)
 ParOldGen       total 83456K, used 23546K [0x00000000a0000000, 0x00000000a5180000, 0x00000000e0000000)
  object space 83456K, 28% used [0x00000000a0000000,0x00000000a16fe850,0x00000000a5180000)
 Metaspace       used 57077K, capacity 58806K, committed 58968K, reserved 1099776K
  class space    used 7748K, capacity 8177K, committed 8280K, reserved 1048576K
Event: 43.069 GC heap after
Heap after GC invocations=14 (full 2):
 PSYoungGen      total 178176K, used 14177K [0x00000000e0000000, 0x00000000ede80000, 0x0000000100000000)
  eden space 160768K, 0% used [0x00000000e0000000,0x00000000e0000000,0x00000000e9d00000)
  from space 17408K, 81% used [0x00000000eaf00000,0x00000000ebcd8510,0x00000000ec000000)
  to   space 18432K, 0% used [0x00000000e9d00000,0x00000000e9d00000,0x00000000eaf00000)
 ParOldGen       total 83456K, used 29554K [0x00000000a0000000, 0x00000000a5180000, 0x00000000e0000000)
  object space 83456K, 35% used [0x00000000a0000000,0x00000000a1cdc9c8,0x00000000a5180000)
 Metaspace       used 57077K, capacity 58806K, committed 58968K, reserved 1099776K
  class space    used 7748K, capacity 8177K, committed 8280K, reserved 1048576K
}
Event: 43.069 GC heap before
{Heap before GC invocations=15 (full 3):
 PSYoungGen      total 178176K, used 14177K [0x00000000e0000000, 0x00000000ede80000, 0x0000000100000000)
  eden space 160768K, 0% used [0x00000000e0000000,0x00000000e0000000,0x00000000e9d00000)
  from space 17408K, 81% used [0x00000000eaf00000,0x00000000ebcd8510,0x00000000ec000000)
  to   space 18432K, 0% used [0x00000000e9d00000,0x00000000e9d00000,0x00000000eaf00000)
 ParOldGen       total 83456K, used 29554K [0x00000000a0000000, 0x00000000a5180000, 0x00000000e0000000)
  object space 83456K, 35% used [0x00000000a0000000,0x00000000a1cdc9c8,0x00000000a5180000)
 Metaspace       used 57077K, capacity 58806K, committed 58968K, reserved 1099776K
  class space    used 7748K, capacity 8177K, committed 8280K, reserved 1048576K
Event: 43.684 GC heap after
Heap after GC invocations=15 (full 3):
 PSYoungGen      total 178176K, used 0K [0x00000000e0000000, 0x00000000ede80000, 0x0000000100000000)
  eden space 160768K, 0% used [0x00000000e0000000,0x00000000e0000000,0x00000000e9d00000)
  from space 17408K, 0% used [0x00000000eaf00000,0x00000000eaf00000,0x00000000ec000000)
  to   space 18432K, 0% used [0x00000000e9d00000,0x00000000e9d00000,0x00000000eaf00000)
 ParOldGen       total 131072K, used 36115K [0x00000000a0000000, 0x00000000a8000000, 0x00000000e0000000)
  object space 131072K, 27% used [0x00000000a0000000,0x00000000a2344da8,0x00000000a8000000)
 Metaspace       used 57077K, capacity 58806K, committed 58968K, reserved 1099776K
  class space    used 7748K, capacity 8177K, committed 8280K, reserved 1048576K
}
Event: 49.159 GC heap before
{Heap before GC invocations=16 (full 3):
 PSYoungGen      total 178176K, used 160768K [0x00000000e0000000, 0x00000000ede80000, 0x0000000100000000)
  eden space 160768K, 100% used [0x00000000e0000000,0x00000000e9d00000,0x00000000e9d00000)
  from space 17408K, 0% used [0x00000000eaf00000,0x00000000eaf00000,0x00000000ec000000)
  to   space 18432K, 0% used [0x00000000e9d00000,0x00000000e9d00000,0x00000000eaf00000)
 ParOldGen       total 131072K, used 36115K [0x00000000a0000000, 0x00000000a8000000, 0x00000000e0000000)
  object space 131072K, 27% used [0x00000000a0000000,0x00000000a2344da8,0x00000000a8000000)
 Metaspace       used 62540K, capacity 64438K, committed 64728K, reserved 1105920K
  class space    used 8423K, capacity 8897K, committed 8920K, reserved 1048576K
Event: 49.184 GC heap after
Heap after GC invocations=16 (full 3):
 PSYoungGen      total 179200K, used 16695K [0x00000000e0000000, 0x00000000edd80000, 0x0000000100000000)
  eden space 160768K, 0% used [0x00000000e0000000,0x00000000e0000000,0x00000000e9d00000)
  from space 18432K, 90% used [0x00000000e9d00000,0x00000000ead4dd10,0x00000000eaf00000)
  to   space 19968K, 0% used [0x00000000eca00000,0x00000000eca00000,0x00000000edd80000)
 ParOldGen       total 131072K, used 36142K [0x00000000a0000000, 0x00000000a8000000, 0x00000000e0000000)
  object space 131072K, 27% used [0x00000000a0000000,0x00000000a234b9f8,0x00000000a8000000)
 Metaspace       used 62540K, capacity 64438K, committed 64728K, reserved 1105920K
  class space    used 8423K, capacity 8897K, committed 8920K, reserved 1048576K
}
Event: 596.348 GC heap before
{Heap before GC invocations=17 (full 3):
 PSYoungGen      total 179200K, used 177463K [0x00000000e0000000, 0x00000000edd80000, 0x0000000100000000)
  eden space 160768K, 100% used [0x00000000e0000000,0x00000000e9d00000,0x00000000e9d00000)
  from space 18432K, 90% used [0x00000000e9d00000,0x00000000ead4dd10,0x00000000eaf00000)
  to   space 19968K, 0% used [0x00000000eca00000,0x00000000eca00000,0x00000000edd80000)
 ParOldGen       total 131072K, used 36142K [0x00000000a0000000, 0x00000000a8000000, 0x00000000e0000000)
  object space 131072K, 27% used [0x00000000a0000000,0x00000000a234b9f8,0x00000000a8000000)
 Metaspace       used 69356K, capacity 71826K, committed 72024K, reserved 1112064K
  class space    used 9148K, capacity 9713K, committed 9816K, reserved 1048576K
Event: 596.365 GC heap after
Heap after GC invocations=17 (full 3):
 PSYoungGen      total 201728K, used 19941K [0x00000000e0000000, 0x00000000edf80000, 0x0000000100000000)
  eden space 181760K, 0% used [0x00000000e0000000,0x00000000e0000000,0x00000000eb180000)
  from space 19968K, 99% used [0x00000000eca00000,0x00000000edd79460,0x00000000edd80000)
  to   space 23552K, 0% used [0x00000000eb180000,0x00000000eb180000,0x00000000ec880000)
 ParOldGen       total 131072K, used 38927K [0x00000000a0000000, 0x00000000a8000000, 0x00000000e0000000)
  object space 131072K, 29% used [0x00000000a0000000,0x00000000a2603d40,0x00000000a8000000)
 Metaspace       used 69356K, capacity 71826K, committed 72024K, reserved 1112064K
  class space    used 9148K, capacity 9713K, committed 9816K, reserved 1048576K
}
Event: 629.047 GC heap before
{Heap before GC invocations=18 (full 3):
 PSYoungGen      total 201728K, used 201701K [0x00000000e0000000, 0x00000000edf80000, 0x0000000100000000)
  eden space 181760K, 100% used [0x00000000e0000000,0x00000000eb180000,0x00000000eb180000)
  from space 19968K, 99% used [0x00000000eca00000,0x00000000edd79460,0x00000000edd80000)
  to   space 23552K, 0% used [0x00000000eb180000,0x00000000eb180000,0x00000000ec880000)
 ParOldGen       total 131072K, used 38927K [0x00000000a0000000, 0x00000000a8000000, 0x00000000e0000000)
  object space 131072K, 29% used [0x00000000a0000000,0x00000000a2603d40,0x00000000a8000000)
 Metaspace       used 71451K, capacity 74098K, committed 74200K, reserved 1114112K
  class space    used 9318K, capacity 9881K, committed 9944K, reserved 1048576K
Event: 629.068 GC heap after
Heap after GC invocations=18 (full 3):
 PSYoungGen      total 205312K, used 23547K [0x00000000e0000000, 0x00000000edf80000, 0x0000000100000000)
  eden space 181760K, 0% used [0x00000000e0000000,0x00000000e0000000,0x00000000eb180000)
  from space 23552K, 99% used [0x00000000eb180000,0x00000000ec87ee80,0x00000000ec880000)
  to   space 19968K, 0% used [0x00000000eca00000,0x00000000eca00000,0x00000000edd80000)
 ParOldGen       total 131072K, used 45863K [0x00000000a0000000, 0x00000000a8000000, 0x00000000e0000000)
  object space 131072K, 34% used [0x00000000a0000000,0x00000000a2cc9db8,0x00000000a8000000)
 Metaspace       used 71451K, capacity 74098K, committed 74200K, reserved 1114112K
  class space    used 9318K, capacity 9881K, committed 9944K, reserved 1048576K
}

